#
# There is insufficient memory for the Java Runtime Environment to continue.
# Native memory allocation (malloc) failed to allocate 1048576 bytes for AllocateHeap
# Possible reasons:
#   The system is out of physical RAM or swap space
#   In 32 bit mode, the process size limit was hit
# Possible solutions:
#   Reduce memory load on the system
#   Increase physical memory or swap space
#   Check if swap backing store is full
#   Use 64 bit Java on a 64 bit OS
#   Decrease Java heap size (-Xmx/-Xms)
#   Decrease number of Java threads
#   Decrease Java thread stack sizes (-Xss)
#   Set larger code cache with -XX:ReservedCodeCacheSize=
# This output file may be truncated or incomplete.
#
#  Out of Memory Error (memory/allocation.inline.hpp:61), pid=1192, tid=0x0000000000006fd0
#
# JRE version:  (8.0_151-b12) (build )
# Java VM: Java HotSpot(TM) 64-Bit Server VM (25.151-b12 mixed mode windows-amd64 compressed oops)
# Failed to write core dump. Minidumps are not enabled by default on client versions of Windows
#

---------------  T H R E A D  ---------------

Current thread (0x0000000003402800):  JavaThread "Unknown thread" [_thread_in_vm, id=28624, stack(0x00000000032e0000,0x00000000033e0000)]

Stack: [0x00000000032e0000,0x00000000033e0000]
[error occurred during error reporting (printing stack bounds), id 0xc0000005]

Native frames: (J=compiled Java code, j=interpreted, Vv=VM code, C=native code)


---------------  P R O C E S S  ---------------

Java Threads: ( => current thread )

Other Threads:

=>0x0000000003402800 (exited) JavaThread "Unknown thread" [_thread_in_vm, id=28624, stack(0x00000000032e0000,0x00000000033e0000)]

VM state:not at safepoint (normal execution)

VM Mutex/Monitor currently owned by a thread: None

Heap:
 PSYoungGen      total 37888K, used 655K [0x00000000eab00000, 0x00000000ed500000, 0x0000000100000000)
  eden space 32768K, 2% used [0x00000000eab00000,0x00000000eaba3d80,0x00000000ecb00000)
  from space 5120K, 0% used [0x00000000ed000000,0x00000000ed000000,0x00000000ed500000)
  to   space 5120K, 0% used [0x00000000ecb00000,0x00000000ecb00000,0x00000000ed000000)
 ParOldGen       total 86016K, used 0K [0x00000000c0000000, 0x00000000c5400000, 0x00000000eab00000)
  object space 86016K, 0% used [0x00000000c0000000,0x00000000c0000000,0x00000000c5400000)
 Metaspace       used 783K, capacity 1092K, committed 1152K, reserved 1060864K
  class space    used 75K, capacity 384K, committed 384K, reserved 1048576K

Card table byte_map: [0x00000000128c0000,0x0000000012ad0000] byte_map_base: 0x00000000122c0000

Marking Bits: (ParMarkBitMap*) 0x000000007212d850
 Begin Bits: [0x0000000013030000, 0x0000000014030000)
 End Bits:   [0x0000000014030000, 0x0000000015030000)

Polling page: 0x00000000013d0000

CodeCache: size=245760Kb used=328Kb max_used=328Kb free=245431Kb
 bounds [0x0000000003500000, 0x0000000003770000, 0x0000000012500000]
 total_blobs=58 nmethods=0 adapters=38
 compilation: enabled

Compilation events (0 events):
No events

GC Heap History (0 events):
No events

Deoptimization events (0 events):
No events

Internal exceptions (0 events):
No events

Events (10 events):
Event: 0.048 loading class java/lang/Short
Event: 0.048 loading class java/lang/Short done
Event: 0.048 loading class java/lang/Integer
Event: 0.048 loading class java/lang/Integer done
Event: 0.048 loading class java/lang/Long
Event: 0.048 loading class java/lang/Long done
Event: 0.049 loading class java/lang/NullPointerException
Event: 0.049 loading class java/lang/NullPointerException done
Event: 0.049 loading class java/lang/ArithmeticException
Event: 0.049 loading class java/lang/ArithmeticException done


Dynamic libraries:
0x00007ff725eb0000 - 0x00007ff725ee7000 	C:\Program Files\Java\jdk1.8.0_151\bin\java.exe
0x00007ff988e60000 - 0x00007ff989041000 	C:\WINDOWS\SYSTEM32\ntdll.dll
0x00007ff9881e0000 - 0x00007ff988292000 	C:\WINDOWS\System32\KERNEL32.DLL
0x00007ff985290000 - 0x00007ff985503000 	C:\WINDOWS\System32\KERNELBASE.dll
0x00007ff9888e0000 - 0x00007ff988981000 	C:\WINDOWS\System32\ADVAPI32.dll
0x00007ff988d90000 - 0x00007ff988e2e000 	C:\WINDOWS\System32\msvcrt.dll
0x00007ff988b20000 - 0x00007ff988b7b000 	C:\WINDOWS\System32\sechost.dll
0x00007ff9879f0000 - 0x00007ff987b14000 	C:\WINDOWS\System32\RPCRT4.dll
0x00007ff988990000 - 0x00007ff988b20000 	C:\WINDOWS\System32\USER32.dll
0x00007ff986250000 - 0x00007ff986270000 	C:\WINDOWS\System32\win32u.dll
0x00007ff988cf0000 - 0x00007ff988d18000 	C:\WINDOWS\System32\GDI32.dll
0x00007ff9860b0000 - 0x00007ff986242000 	C:\WINDOWS\System32\gdi32full.dll
0x00007ff985510000 - 0x00007ff9855af000 	C:\WINDOWS\System32\msvcp_win.dll
0x00007ff985fb0000 - 0x00007ff9860aa000 	C:\WINDOWS\System32\ucrtbase.dll
0x00007ff976400000 - 0x00007ff976669000 	C:\WINDOWS\WinSxS\amd64_microsoft.windows.common-controls_6595b64144ccf1df_6.0.17134.112_none_fb3f961b30681c12\COMCTL32.dll
0x00007ff987e10000 - 0x00007ff988133000 	C:\WINDOWS\System32\combase.dll
0x00007ff986270000 - 0x00007ff9862ea000 	C:\WINDOWS\System32\bcryptPrimitives.dll
0x00007ff988140000 - 0x00007ff98816d000 	C:\WINDOWS\System32\IMM32.DLL
0x00000000729e0000 - 0x0000000072ab2000 	C:\Program Files\Java\jdk1.8.0_151\jre\bin\msvcr100.dll
0x0000000071910000 - 0x00000000721ad000 	C:\Program Files\Java\jdk1.8.0_151\jre\bin\server\jvm.dll
0x00007ff988d20000 - 0x00007ff988d28000 	C:\WINDOWS\System32\PSAPI.DLL
0x00007ff973d20000 - 0x00007ff973d29000 	C:\WINDOWS\SYSTEM32\WSOCK32.dll
0x00007ff988170000 - 0x00007ff9881dc000 	C:\WINDOWS\System32\WS2_32.dll
0x00007ff97f830000 - 0x00007ff97f853000 	C:\WINDOWS\SYSTEM32\WINMM.dll
0x00007ff978440000 - 0x00007ff97844a000 	C:\WINDOWS\SYSTEM32\VERSION.dll
0x00007ff97f800000 - 0x00007ff97f82a000 	C:\WINDOWS\SYSTEM32\WINMMBASE.dll
0x00007ff9855b0000 - 0x00007ff9855f9000 	C:\WINDOWS\System32\cfgmgr32.dll
0x0000000074070000 - 0x000000007407f000 	C:\Program Files\Java\jdk1.8.0_151\jre\bin\verify.dll
0x0000000073170000 - 0x0000000073199000 	C:\Program Files\Java\jdk1.8.0_151\jre\bin\java.dll
0x0000000073150000 - 0x0000000073166000 	C:\Program Files\Java\jdk1.8.0_151\jre\bin\zip.dll

VM Arguments:
jvm_args: -Xmx1G 
java_command: C:\Program Files (x86)\Android\android-sdk\build-tools\25.0.3\\lib\dx.jar --dex --no-strict --output obj\Debug\android\bin C:\APPXamarinRAU\AppRauSach\AppRauSach\AppRauSach.Android\obj\Debug\android\bin\classes.zip C:\Program Files (x86)\Microsoft Visual Studio\2017\Community\Common7\IDE\ReferenceAssemblies\Microsoft\Framework\MonoAndroid\v8.1\mono.android.jar obj\Debug\lp\1\jl\formsviewgroup.jar obj\Debug\lp\10\jl\bin\classes.jar obj\Debug\lp\11\jl\bin\classes.jar obj\Debug\lp\12\jl\bin\classes.jar obj\Debug\lp\13\jl\bin\classes.jar obj\Debug\lp\14\jl\bin\classes.jar obj\Debug\lp\15\jl\bin\classes.jar obj\Debug\lp\16\jl\bin\classes.jar obj\Debug\lp\17\jl\bin\classes.jar obj\Debug\lp\18\jl\bin\classes.jar obj\Debug\lp\19\jl\bin\classes.jar obj\Debug\lp\20\jl\bin\classes.jar obj\Debug\lp\21\jl\bin\classes.jar obj\Debug\lp\3\jl\arch-core-common.jar obj\Debug\lp\4\jl\arch-lifecycle-common.jar obj\Debug\lp\5\jl\bin\classes.jar obj\Debug\lp\6\jl\bin\classes.jar obj\Debug\lp\8\jl\bin\classes.jar obj\Debug\lp\9\jl\bin\classes.jar
java_class_path (initial): C:\Program Files (x86)\Android\android-sdk\build-tools\25.0.3\\lib\dx.jar
Launcher Type: SUN_STANDARD

Environment Variables:
JAVA_HOME=C:\Program Files (x86)\Java\jdk1.8.0_172
PATH=C:\Program Files (x86)\Intel\iCLS Client\;C:\Program Files (x86)\Common Files\Oracle\Java\javapath;C:\app\user\product\11.2.0\dbhome_1\bin;C:\oraclexe\app\oracle\product\11.2.0\server\bin;C:\ProgramData\Oracle\Java\javapath;C:\Program Files\Intel\iCLS Client\;C:\WINDOWS\system32;C:\WINDOWS;C:\WINDOWS\System32\Wbem;C:\WINDOWS\System32\WindowsPowerShell\v1.0\;C:\Program Files\Intel\WiFi\bin\;C:\Program Files\Common Files\Intel\WirelessCommon\;C:\Program Files\Microsoft SQL Server\110\DTS\Binn\;C:\Program Files (x86)\Microsoft SQL Server\110\Tools\Binn\;C:\Program Files\Microsoft SQL Server\110\Tools\Binn\;C:\Program Files (x86)\Microsoft SQL Server\110\Tools\Binn\ManagementStudio\;C:\Program Files (x86)\Microsoft Visual Studio 10.0\Common7\IDE\PrivateAssemblies\;C:\Program Files (x86)\Microsoft SQL Server\110\DTS\Binn\;C:\Program Files\Java\jdk1.8.0_151\bin;C:\Program Files (x86)\Windows Kits\8.1\Windows Performance Toolkit\;C:\Program Files (x86)\Microsoft SDKs\TypeScript\1.0\;C:\Program Files\Microsoft SQL Server\120\Tools\Binn\;C:\apache-maven-3.5.2\bin;C:\Program Files (x86)\Java\jdk1.8.0_172\bin;C:\Program Files\Git\cmd;C:\WINDOWS\System32\OpenSSH\;C:\Program Files (x86)\Intel\Intel(R) Management Engine Components\DAL;C:\Program Files\Intel\Intel(R) Management Engine Components\DAL;C:\Program Files (x86)\Intel\Intel(R) Management Engine Components\IPT;C:\Program Files\Intel\Intel(R) Management Engine Components\IPT;C:\Program Files\dotnet\;C:\Users\user\AppData\Local\Microsoft\WindowsApps;C:\app\user\product\11.2.0\dbhome_1\BIN\emctl.bat;C:\Users\user\AppData\Local\GitHubDesktop\bin
USERNAME=user
OS=Windows_NT
PROCESSOR_IDENTIFIER=Intel64 Family 6 Model 78 Stepping 3, GenuineIntel



---------------  S Y S T E M  ---------------

OS: Windows 10.0 , 64 bit Build 17134 (10.0.17134.1)

CPU:total 4 (initial active 4) (2 cores per cpu, 2 threads per core) family 6 model 78 stepping 3, cmov, cx8, fxsr, mmx, sse, sse2, sse3, ssse3, sse4.1, sse4.2, popcnt, avx, avx2, aes, clmul, erms, 3dnowpref, lzcnt, ht, tsc, tscinvbit, bmi1, bmi2, adx

Memory: 4k page, physical 8255296k(1676116k free), swap 11376448k(5604k free)

vm_info: Java HotSpot(TM) 64-Bit Server VM (25.151-b12) for windows-amd64 JRE (1.8.0_151-b12), built on Sep  5 2017 19:33:46 by "java_re" with MS VC++ 10.0 (VS2010)

time: Mon Jun 25 13:30:42 2018
elapsed time: 0 seconds (0d 0h 0m 0s)

