#
# There is insufficient memory for the Java Runtime Environment to continue.
# Native memory allocation (malloc) failed to allocate 909456 bytes for Chunk::new
# Possible reasons:
#   The system is out of physical RAM or swap space
#   In 32 bit mode, the process size limit was hit
# Possible solutions:
#   Reduce memory load on the system
#   Increase physical memory or swap space
#   Check if swap backing store is full
#   Use 64 bit Java on a 64 bit OS
#   Decrease Java heap size (-Xmx/-Xms)
#   Decrease number of Java threads
#   Decrease Java thread stack sizes (-Xss)
#   Set larger code cache with -XX:ReservedCodeCacheSize=
# This output file may be truncated or incomplete.
#
#  Out of Memory Error (allocation.cpp:390), pid=22360, tid=0x000000000000505c
#
# JRE version: Java(TM) SE Runtime Environment (8.0_151-b12) (build 1.8.0_151-b12)
# Java VM: Java HotSpot(TM) 64-Bit Server VM (25.151-b12 mixed mode windows-amd64 compressed oops)
# Failed to write core dump. Minidumps are not enabled by default on client versions of Windows
#

---------------  T H R E A D  ---------------

Current thread (0x0000000017b86000):  JavaThread "C2 CompilerThread1" daemon [_thread_in_native, id=20572, stack(0x00000000192c0000,0x00000000193c0000)]

Stack: [0x00000000192c0000,0x00000000193c0000]
[error occurred during error reporting (printing stack bounds), id 0xc0000005]

Native frames: (J=compiled Java code, j=interpreted, Vv=VM code, C=native code)


Current CompileTask:
C2:   4382 2125       4       com.sun.tools.javac.code.Types$ImplementationCache::get (159 bytes)


---------------  P R O C E S S  ---------------

Java Threads: ( => current thread )
  0x0000000017bde000 JavaThread "Service Thread" daemon [_thread_blocked, id=2128, stack(0x00000000198c0000,0x00000000199c0000)]
  0x0000000017b8c800 JavaThread "C1 CompilerThread2" daemon [_thread_blocked, id=2616, stack(0x00000000193c0000,0x00000000194c0000)]
=>0x0000000017b86000 JavaThread "C2 CompilerThread1" daemon [_thread_in_native, id=20572, stack(0x00000000192c0000,0x00000000193c0000)]
  0x0000000017b83000 JavaThread "C2 CompilerThread0" daemon [_thread_in_native, id=5128, stack(0x00000000191c0000,0x00000000192c0000)]
  0x0000000017b81000 JavaThread "Attach Listener" daemon [_thread_blocked, id=22352, stack(0x00000000190c0000,0x00000000191c0000)]
  0x0000000017b7e000 JavaThread "Signal Dispatcher" daemon [_thread_blocked, id=19256, stack(0x0000000018fc0000,0x00000000190c0000)]
  0x0000000017b68800 JavaThread "Finalizer" daemon [_thread_blocked, id=6384, stack(0x0000000018dd0000,0x0000000018ed0000)]
  0x0000000003083000 JavaThread "Reference Handler" daemon [_thread_blocked, id=30856, stack(0x0000000018cd0000,0x0000000018dd0000)]
  0x0000000002f92800 JavaThread "main" [_thread_in_native, id=16988, stack(0x0000000002dc0000,0x0000000002ec0000)]

Other Threads:
  0x0000000017b47800 VMThread [stack: 0x0000000018bd0000,0x0000000018cd0000] [id=32748]
  0x0000000019506800 WatcherThread [stack: 0x00000000199c0000,0x0000000019ac0000] [id=22072]

VM state:not at safepoint (normal execution)

VM Mutex/Monitor currently owned by a thread: None

Heap:
 PSYoungGen      total 20992K, used 17115K [0x00000000d6000000, 0x00000000d8100000, 0x0000000100000000)
  eden space 11264K, 81% used [0x00000000d6000000,0x00000000d69014e0,0x00000000d6b00000)
  from space 9728K, 81% used [0x00000000d7580000,0x00000000d7d35b10,0x00000000d7f00000)
  to   space 10752K, 0% used [0x00000000d6b00000,0x00000000d6b00000,0x00000000d7580000)
 ParOldGen       total 17920K, used 12039K [0x0000000082000000, 0x0000000083180000, 0x00000000d6000000)
  object space 17920K, 67% used [0x0000000082000000,0x0000000082bc1ea0,0x0000000083180000)
 Metaspace       used 9484K, capacity 10036K, committed 10368K, reserved 1058816K
  class space    used 1013K, capacity 1072K, committed 1152K, reserved 1048576K

Card table byte_map: [0x0000000012450000,0x0000000012850000] byte_map_base: 0x0000000012040000

Marking Bits: (ParMarkBitMap*) 0x000000007204d850
 Begin Bits: [0x0000000012ef0000, 0x0000000014e70000)
 End Bits:   [0x0000000014e70000, 0x0000000016df0000)

Polling page: 0x0000000001540000

CodeCache: size=245760Kb used=9512Kb max_used=9512Kb free=236247Kb
 bounds [0x0000000003090000, 0x00000000039f0000, 0x0000000012090000]
 total_blobs=2529 nmethods=2231 adapters=209
 compilation: enabled

Compilation events (10 events):
Event: 4.350 Thread 0x0000000017b8c800 nmethod 2242 0x00000000039da790 code [0x00000000039da920, 0x00000000039dadc8]
Event: 4.350 Thread 0x0000000017b8c800 2241       3       com.sun.tools.javac.comp.Flow$AliveAnalyzer::visitBlock (9 bytes)
Event: 4.350 Thread 0x0000000017b8c800 nmethod 2241 0x00000000039daf10 code [0x00000000039db0a0, 0x00000000039db5c8]
Event: 4.350 Thread 0x0000000017b8c800 2243       3       com.sun.tools.javac.comp.Flow$AssignAnalyzer::visitBlock (19 bytes)
Event: 4.351 Thread 0x0000000017b8c800 nmethod 2243 0x00000000039db7d0 code [0x00000000039db980, 0x00000000039dc1e8]
Event: 4.352 Thread 0x0000000017b8c800 2244       3       com.sun.tools.javac.comp.Lower::visitBlock (54 bytes)
Event: 4.353 Thread 0x0000000017b8c800 nmethod 2244 0x00000000039dc550 code [0x00000000039dc6e0, 0x00000000039dcaf8]
Event: 4.361 Thread 0x0000000017b8c800 2245       3       com.sun.tools.javac.code.Types::overrideEquivalent (41 bytes)
Event: 4.363 Thread 0x0000000017b8c800 nmethod 2245 0x00000000039dccd0 code [0x00000000039dd000, 0x00000000039dee08]
Event: 4.365 Thread 0x0000000017b8c800 2246       3       com.sun.tools.javac.comp.Attr::adjustMethodReturnType (105 bytes)

GC Heap History (10 events):
Event: 1.850 GC heap before
{Heap before GC invocations=10 (full 2):
 PSYoungGen      total 12800K, used 3063K [0x00000000d6000000, 0x00000000d7b80000, 0x0000000100000000)
  eden space 9728K, 0% used [0x00000000d6000000,0x00000000d6000000,0x00000000d6980000)
  from space 3072K, 99% used [0x00000000d6f00000,0x00000000d71fdc38,0x00000000d7200000)
  to   space 5632K, 0% used [0x00000000d6980000,0x00000000d6980000,0x00000000d6f00000)
 ParOldGen       total 9216K, used 8016K [0x0000000082000000, 0x0000000082900000, 0x00000000d6000000)
  object space 9216K, 86% used [0x0000000082000000,0x00000000827d42c0,0x0000000082900000)
 Metaspace       used 7660K, capacity 8372K, committed 8704K, reserved 1056768K
  class space    used 905K, capacity 944K, committed 1024K, reserved 1048576K
Event: 2.004 GC heap after
Heap after GC invocations=10 (full 2):
 PSYoungGen      total 12800K, used 2035K [0x00000000d6000000, 0x00000000d7b80000, 0x0000000100000000)
  eden space 9728K, 0% used [0x00000000d6000000,0x00000000d6000000,0x00000000d6980000)
  from space 3072K, 66% used [0x00000000d6f00000,0x00000000d70fcff8,0x00000000d7200000)
  to   space 5632K, 0% used [0x00000000d6980000,0x00000000d6980000,0x00000000d6f00000)
 ParOldGen       total 17920K, used 8891K [0x0000000082000000, 0x0000000083180000, 0x00000000d6000000)
  object space 17920K, 49% used [0x0000000082000000,0x00000000828aee00,0x0000000083180000)
 Metaspace       used 7660K, capacity 8372K, committed 8704K, reserved 1056768K
  class space    used 905K, capacity 944K, committed 1024K, reserved 1048576K
}
Event: 2.220 GC heap before
{Heap before GC invocations=11 (full 2):
 PSYoungGen      total 12800K, used 11763K [0x00000000d6000000, 0x00000000d7b80000, 0x0000000100000000)
  eden space 9728K, 100% used [0x00000000d6000000,0x00000000d6980000,0x00000000d6980000)
  from space 3072K, 66% used [0x00000000d6f00000,0x00000000d70fcff8,0x00000000d7200000)
  to   space 5632K, 0% used [0x00000000d6980000,0x00000000d6980000,0x00000000d6f00000)
 ParOldGen       total 17920K, used 8891K [0x0000000082000000, 0x0000000083180000, 0x00000000d6000000)
  object space 17920K, 49% used [0x0000000082000000,0x00000000828aee00,0x0000000083180000)
 Metaspace       used 7927K, capacity 8628K, committed 8960K, reserved 1056768K
  class space    used 919K, capacity 944K, committed 1024K, reserved 1048576K
Event: 2.230 GC heap after
Heap after GC invocations=11 (full 2):
 PSYoungGen      total 15360K, used 4966K [0x00000000d6000000, 0x00000000d7700000, 0x0000000100000000)
  eden space 9728K, 0% used [0x00000000d6000000,0x00000000d6000000,0x00000000d6980000)
  from space 5632K, 88% used [0x00000000d6980000,0x00000000d6e59b60,0x00000000d6f00000)
  to   space 6144K, 0% used [0x00000000d7100000,0x00000000d7100000,0x00000000d7700000)
 ParOldGen       total 17920K, used 8899K [0x0000000082000000, 0x0000000083180000, 0x00000000d6000000)
  object space 17920K, 49% used [0x0000000082000000,0x00000000828b0e00,0x0000000083180000)
 Metaspace       used 7927K, capacity 8628K, committed 8960K, reserved 1056768K
  class space    used 919K, capacity 944K, committed 1024K, reserved 1048576K
}
Event: 2.563 GC heap before
{Heap before GC invocations=12 (full 2):
 PSYoungGen      total 15360K, used 14694K [0x00000000d6000000, 0x00000000d7700000, 0x0000000100000000)
  eden space 9728K, 100% used [0x00000000d6000000,0x00000000d6980000,0x00000000d6980000)
  from space 5632K, 88% used [0x00000000d6980000,0x00000000d6e59b60,0x00000000d6f00000)
  to   space 6144K, 0% used [0x00000000d7100000,0x00000000d7100000,0x00000000d7700000)
 ParOldGen       total 17920K, used 8899K [0x0000000082000000, 0x0000000083180000, 0x00000000d6000000)
  object space 17920K, 49% used [0x0000000082000000,0x00000000828b0e00,0x0000000083180000)
 Metaspace       used 8085K, capacity 8756K, committed 8960K, reserved 1056768K
  class space    used 920K, capacity 944K, committed 1024K, reserved 1048576K
Event: 2.607 GC heap after
Heap after GC invocations=12 (full 2):
 PSYoungGen      total 15872K, used 6128K [0x00000000d6000000, 0x00000000d7b00000, 0x0000000100000000)
  eden space 9728K, 0% used [0x00000000d6000000,0x00000000d6000000,0x00000000d6980000)
  from space 6144K, 99% used [0x00000000d7100000,0x00000000d76fc2c8,0x00000000d7700000)
  to   space 7680K, 0% used [0x00000000d6980000,0x00000000d6980000,0x00000000d7100000)
 ParOldGen       total 17920K, used 10548K [0x0000000082000000, 0x0000000083180000, 0x00000000d6000000)
  object space 17920K, 58% used [0x0000000082000000,0x0000000082a4d2d8,0x0000000083180000)
 Metaspace       used 8085K, capacity 8756K, committed 8960K, reserved 1056768K
  class space    used 920K, capacity 944K, committed 1024K, reserved 1048576K
}
Event: 2.951 GC heap before
{Heap before GC invocations=13 (full 2):
 PSYoungGen      total 15872K, used 15856K [0x00000000d6000000, 0x00000000d7b00000, 0x0000000100000000)
  eden space 9728K, 100% used [0x00000000d6000000,0x00000000d6980000,0x00000000d6980000)
  from space 6144K, 99% used [0x00000000d7100000,0x00000000d76fc2c8,0x00000000d7700000)
  to   space 7680K, 0% used [0x00000000d6980000,0x00000000d6980000,0x00000000d7100000)
 ParOldGen       total 17920K, used 10548K [0x0000000082000000, 0x0000000083180000, 0x00000000d6000000)
  object space 17920K, 58% used [0x0000000082000000,0x0000000082a4d2d8,0x0000000083180000)
 Metaspace       used 8180K, capacity 8820K, committed 8960K, reserved 1056768K
  class space    used 924K, capacity 944K, committed 1024K, reserved 1048576K
Event: 2.987 GC heap after
Heap after GC invocations=13 (full 2):
 PSYoungGen      total 17408K, used 7677K [0x00000000d6000000, 0x00000000d7f00000, 0x0000000100000000)
  eden space 9728K, 0% used [0x00000000d6000000,0x00000000d6000000,0x00000000d6980000)
  from space 7680K, 99% used [0x00000000d6980000,0x00000000d70ff6c0,0x00000000d7100000)
  to   space 9728K, 0% used [0x00000000d7580000,0x00000000d7580000,0x00000000d7f00000)
 ParOldGen       total 17920K, used 12031K [0x0000000082000000, 0x0000000083180000, 0x00000000d6000000)
  object space 17920K, 67% used [0x0000000082000000,0x0000000082bbfea0,0x0000000083180000)
 Metaspace       used 8180K, capacity 8820K, committed 8960K, reserved 1056768K
  class space    used 924K, capacity 944K, committed 1024K, reserved 1048576K
}
Event: 3.781 GC heap before
{Heap before GC invocations=14 (full 2):
 PSYoungGen      total 17408K, used 17405K [0x00000000d6000000, 0x00000000d7f00000, 0x0000000100000000)
  eden space 9728K, 100% used [0x00000000d6000000,0x00000000d6980000,0x00000000d6980000)
  from space 7680K, 99% used [0x00000000d6980000,0x00000000d70ff6c0,0x00000000d7100000)
  to   space 9728K, 0% used [0x00000000d7580000,0x00000000d7580000,0x00000000d7f00000)
 ParOldGen       total 17920K, used 12031K [0x0000000082000000, 0x0000000083180000, 0x00000000d6000000)
  object space 17920K, 67% used [0x0000000082000000,0x0000000082bbfea0,0x0000000083180000)
 Metaspace       used 9270K, capacity 9844K, committed 10112K, reserved 1058816K
  class space    used 1013K, capacity 1072K, committed 1152K, reserved 1048576K
Event: 3.800 GC heap after
Heap after GC invocations=14 (full 2):
 PSYoungGen      total 20992K, used 7894K [0x00000000d6000000, 0x00000000d8100000, 0x0000000100000000)
  eden space 11264K, 0% used [0x00000000d6000000,0x00000000d6000000,0x00000000d6b00000)
  from space 9728K, 81% used [0x00000000d7580000,0x00000000d7d35b10,0x00000000d7f00000)
  to   space 10752K, 0% used [0x00000000d6b00000,0x00000000d6b00000,0x00000000d7580000)
 ParOldGen       total 17920K, used 12039K [0x0000000082000000, 0x0000000083180000, 0x00000000d6000000)
  object space 17920K, 67% used [0x0000000082000000,0x0000000082bc1ea0,0x0000000083180000)
 Metaspace       used 9270K, capacity 9844K, committed 10112K, reserved 1058816K
  class space    used 1013K, capacity 1072K, committed 1152K, reserved 1048576K
}

Deoptimization events (10 events):
Event: 3.801 Thread 0x0000000002f92800 Uncommon trap: reason=class_check action=maybe_recompile pc=0x0000000003867c58 method=com.sun.tools.javac.code.Types$HasSameArgs.visitMethodType(Lcom/sun/tools/javac/code/Type$MethodType;Ljava/lang/Object;)Ljava/lang/Object; @ 3
Event: 3.801 Thread 0x0000000002f92800 Uncommon trap: reason=class_check action=maybe_recompile pc=0x0000000003867c58 method=com.sun.tools.javac.code.Types$HasSameArgs.visitMethodType(Lcom/sun/tools/javac/code/Type$MethodType;Ljava/lang/Object;)Ljava/lang/Object; @ 3
Event: 3.801 Thread 0x0000000002f92800 Uncommon trap: reason=class_check action=maybe_recompile pc=0x0000000003867c58 method=com.sun.tools.javac.code.Types$HasSameArgs.visitMethodType(Lcom/sun/tools/javac/code/Type$MethodType;Ljava/lang/Object;)Ljava/lang/Object; @ 3
Event: 3.802 Thread 0x0000000002f92800 Uncommon trap: reason=bimorphic action=maybe_recompile pc=0x00000000037cedf4 method=com.sun.tools.javac.code.Types$SameTypeVisitor.visitType(Lcom/sun/tools/javac/code/Type;Lcom/sun/tools/javac/code/Type;)Ljava/lang/Boolean; @ 11
Event: 3.802 Thread 0x0000000002f92800 Uncommon trap: reason=bimorphic action=maybe_recompile pc=0x00000000037cedf4 method=com.sun.tools.javac.code.Types$SameTypeVisitor.visitType(Lcom/sun/tools/javac/code/Type;Lcom/sun/tools/javac/code/Type;)Ljava/lang/Boolean; @ 11
Event: 3.802 Thread 0x0000000002f92800 Uncommon trap: reason=bimorphic action=maybe_recompile pc=0x00000000037cedf4 method=com.sun.tools.javac.code.Types$SameTypeVisitor.visitType(Lcom/sun/tools/javac/code/Type;Lcom/sun/tools/javac/code/Type;)Ljava/lang/Boolean; @ 11
Event: 3.802 Thread 0x0000000002f92800 Uncommon trap: reason=bimorphic action=maybe_recompile pc=0x00000000037cedf4 method=com.sun.tools.javac.code.Types$SameTypeVisitor.visitType(Lcom/sun/tools/javac/code/Type;Lcom/sun/tools/javac/code/Type;)Ljava/lang/Boolean; @ 11
Event: 3.802 Thread 0x0000000002f92800 Uncommon trap: reason=bimorphic action=maybe_recompile pc=0x00000000037c7690 method=com.sun.tools.javac.code.Types$SameTypeVisitor.visitType(Lcom/sun/tools/javac/code/Type;Lcom/sun/tools/javac/code/Type;)Ljava/lang/Boolean; @ 11
Event: 3.807 Thread 0x0000000002f92800 Uncommon trap: reason=class_check action=maybe_recompile pc=0x0000000003867c58 method=com.sun.tools.javac.code.Types$HasSameArgs.visitMethodType(Lcom/sun/tools/javac/code/Type$MethodType;Ljava/lang/Object;)Ljava/lang/Object; @ 3
Event: 4.098 Thread 0x0000000002f92800 Uncommon trap: reason=unstable_if action=reinterpret pc=0x00000000039229f0 method=com.sun.tools.javac.code.Types.isSubSignature(Lcom/sun/tools/javac/code/Type;Lcom/sun/tools/javac/code/Type;Z)Z @ 21

Internal exceptions (9 events):
Event: 0.048 Thread 0x0000000002f92800 Exception <a 'java/lang/NoSuchMethodError': Method sun.misc.Unsafe.defineClass(Ljava/lang/String;[BII)Ljava/lang/Class; name or signature does not match> (0x00000000d6007cd8) thrown at [C:\re\workspace\8-2-build-windows-amd64-cygwin\jdk8u151\9699\hotspot\
Event: 0.048 Thread 0x0000000002f92800 Exception <a 'java/lang/NoSuchMethodError': Method sun.misc.Unsafe.prefetchRead(Ljava/lang/Object;J)V name or signature does not match> (0x00000000d6007fc0) thrown at [C:\re\workspace\8-2-build-windows-amd64-cygwin\jdk8u151\9699\hotspot\src\share\vm\prims
Event: 0.216 Thread 0x0000000002f92800 Exception <a 'java/security/PrivilegedActionException'> (0x00000000d617f1b8) thrown at [C:\re\workspace\8-2-build-windows-amd64-cygwin\jdk8u151\9699\hotspot\src\share\vm\prims\jvm.cpp, line 1390]
Event: 0.216 Thread 0x0000000002f92800 Exception <a 'java/security/PrivilegedActionException'> (0x00000000d617f5b0) thrown at [C:\re\workspace\8-2-build-windows-amd64-cygwin\jdk8u151\9699\hotspot\src\share\vm\prims\jvm.cpp, line 1390]
Event: 0.221 Thread 0x0000000002f92800 Exception <a 'java/security/PrivilegedActionException'> (0x00000000d60036d0) thrown at [C:\re\workspace\8-2-build-windows-amd64-cygwin\jdk8u151\9699\hotspot\src\share\vm\prims\jvm.cpp, line 1390]
Event: 0.221 Thread 0x0000000002f92800 Exception <a 'java/security/PrivilegedActionException'> (0x00000000d6003ac8) thrown at [C:\re\workspace\8-2-build-windows-amd64-cygwin\jdk8u151\9699\hotspot\src\share\vm\prims\jvm.cpp, line 1390]
Event: 0.226 Thread 0x0000000002f92800 Exception <a 'java/security/PrivilegedActionException'> (0x00000000d6038e40) thrown at [C:\re\workspace\8-2-build-windows-amd64-cygwin\jdk8u151\9699\hotspot\src\share\vm\prims\jvm.cpp, line 1390]
Event: 0.226 Thread 0x0000000002f92800 Exception <a 'java/security/PrivilegedActionException'> (0x00000000d6039238) thrown at [C:\re\workspace\8-2-build-windows-amd64-cygwin\jdk8u151\9699\hotspot\src\share\vm\prims\jvm.cpp, line 1390]
Event: 0.620 Thread 0x0000000002f92800 Implicit null exception at 0x00000000032300e2 to 0x00000000032302a9

Events (10 events):
Event: 3.807 Thread 0x0000000002f92800 Uncommon trap: trap_request=0xffffffde fr.pc=0x0000000003867c58
Event: 3.807 Thread 0x0000000002f92800 DEOPT PACKING pc=0x0000000003867c58 sp=0x0000000002ebe770
Event: 3.807 Thread 0x0000000002f92800 DEOPT UNPACKING pc=0x00000000030d582a sp=0x0000000002ebe720 mode 2
Event: 4.098 Thread 0x0000000002f92800 Uncommon trap: trap_request=0xffffff65 fr.pc=0x00000000039229f0
Event: 4.098 Thread 0x0000000002f92800 DEOPT PACKING pc=0x00000000039229f0 sp=0x0000000002ebe980
Event: 4.098 Thread 0x0000000002f92800 DEOPT UNPACKING pc=0x00000000030d582a sp=0x0000000002ebe870 mode 2
Event: 4.118 Executing VM operation: ForceSafepoint
Event: 4.118 Executing VM operation: ForceSafepoint done
Event: 4.170 Executing VM operation: EnableBiasedLocking
Event: 4.170 Executing VM operation: EnableBiasedLocking done


Dynamic libraries:
0x00007ff742700000 - 0x00007ff742707000 	C:\Program Files\Java\jdk1.8.0_151\bin\javac.exe
0x00007ff988e60000 - 0x00007ff989041000 	C:\WINDOWS\SYSTEM32\ntdll.dll
0x00007ff9881e0000 - 0x00007ff988292000 	C:\WINDOWS\System32\KERNEL32.DLL
0x00007ff985290000 - 0x00007ff985503000 	C:\WINDOWS\System32\KERNELBASE.dll
0x0000000074ec0000 - 0x0000000074eef000 	C:\Program Files\Java\jdk1.8.0_151\bin\jli.dll
0x00000000727d0000 - 0x00000000728a2000 	C:\Program Files\Java\jdk1.8.0_151\bin\MSVCR100.dll
0x00007ff9888e0000 - 0x00007ff988981000 	C:\WINDOWS\System32\ADVAPI32.dll
0x00007ff988d90000 - 0x00007ff988e2e000 	C:\WINDOWS\System32\msvcrt.dll
0x00007ff988b20000 - 0x00007ff988b7b000 	C:\WINDOWS\System32\sechost.dll
0x00007ff9879f0000 - 0x00007ff987b14000 	C:\WINDOWS\System32\RPCRT4.dll
0x00007ff988990000 - 0x00007ff988b20000 	C:\WINDOWS\System32\USER32.dll
0x00007ff986250000 - 0x00007ff986270000 	C:\WINDOWS\System32\win32u.dll
0x00007ff988cf0000 - 0x00007ff988d18000 	C:\WINDOWS\System32\GDI32.dll
0x00007ff976400000 - 0x00007ff976669000 	C:\WINDOWS\WinSxS\amd64_microsoft.windows.common-controls_6595b64144ccf1df_6.0.17134.112_none_fb3f961b30681c12\COMCTL32.dll
0x00007ff9860b0000 - 0x00007ff986242000 	C:\WINDOWS\System32\gdi32full.dll
0x00007ff985510000 - 0x00007ff9855af000 	C:\WINDOWS\System32\msvcp_win.dll
0x00007ff987e10000 - 0x00007ff988133000 	C:\WINDOWS\System32\combase.dll
0x00007ff985fb0000 - 0x00007ff9860aa000 	C:\WINDOWS\System32\ucrtbase.dll
0x00007ff986270000 - 0x00007ff9862ea000 	C:\WINDOWS\System32\bcryptPrimitives.dll
0x00007ff988140000 - 0x00007ff98816d000 	C:\WINDOWS\System32\IMM32.DLL
0x00000000720d0000 - 0x00000000721a2000 	C:\Program Files\Java\jdk1.8.0_151\jre\bin\msvcr100.dll
0x0000000071830000 - 0x00000000720cd000 	C:\Program Files\Java\jdk1.8.0_151\jre\bin\server\jvm.dll
0x00007ff988d20000 - 0x00007ff988d28000 	C:\WINDOWS\System32\PSAPI.DLL
0x00007ff978440000 - 0x00007ff97844a000 	C:\WINDOWS\SYSTEM32\VERSION.dll
0x00007ff973d20000 - 0x00007ff973d29000 	C:\WINDOWS\SYSTEM32\WSOCK32.dll
0x00007ff97f830000 - 0x00007ff97f853000 	C:\WINDOWS\SYSTEM32\WINMM.dll
0x00007ff988170000 - 0x00007ff9881dc000 	C:\WINDOWS\System32\WS2_32.dll
0x00007ff97f800000 - 0x00007ff97f82a000 	C:\WINDOWS\SYSTEM32\WINMMBASE.dll
0x00007ff9855b0000 - 0x00007ff9855f9000 	C:\WINDOWS\System32\cfgmgr32.dll
0x0000000074eb0000 - 0x0000000074ebf000 	C:\Program Files\Java\jdk1.8.0_151\jre\bin\verify.dll
0x0000000074e80000 - 0x0000000074ea9000 	C:\Program Files\Java\jdk1.8.0_151\jre\bin\java.dll
0x0000000074e60000 - 0x0000000074e76000 	C:\Program Files\Java\jdk1.8.0_151\jre\bin\zip.dll
0x00007ff9864f0000 - 0x00007ff987930000 	C:\WINDOWS\System32\SHELL32.dll
0x00007ff988750000 - 0x00007ff9887f9000 	C:\WINDOWS\System32\shcore.dll
0x00007ff985600000 - 0x00007ff985d0d000 	C:\WINDOWS\System32\windows.storage.dll
0x00007ff986490000 - 0x00007ff9864e1000 	C:\WINDOWS\System32\shlwapi.dll
0x00007ff9851f0000 - 0x00007ff985201000 	C:\WINDOWS\System32\kernel.appcore.dll
0x00007ff9851d0000 - 0x00007ff9851ef000 	C:\WINDOWS\System32\profapi.dll
0x00007ff985170000 - 0x00007ff9851bc000 	C:\WINDOWS\System32\powrprof.dll
0x00007ff9851c0000 - 0x00007ff9851ca000 	C:\WINDOWS\System32\FLTLIB.DLL

VM Arguments:
jvm_args: -Dapplication.home=C:\Program Files\Java\jdk1.8.0_151 -Xms8m -Dfile.encoding=UTF8 
java_command: com.sun.tools.javac.Main -d obj\Debug\android\bin\classes -classpath C:\Program Files (x86)\Microsoft Visual Studio\2017\Community\Common7\IDE\ReferenceAssemblies\Microsoft\Framework\MonoAndroid\v8.1\mono.android.jar;obj\Debug\lp\1\jl\formsviewgroup.jar;obj\Debug\lp\10\jl\bin\classes.jar;obj\Debug\lp\11\jl\bin\classes.jar;obj\Debug\lp\12\jl\bin\classes.jar;obj\Debug\lp\13\jl\bin\classes.jar;obj\Debug\lp\14\jl\bin\classes.jar;obj\Debug\lp\15\jl\bin\classes.jar;obj\Debug\lp\16\jl\bin\classes.jar;obj\Debug\lp\17\jl\bin\classes.jar;obj\Debug\lp\18\jl\bin\classes.jar;obj\Debug\lp\19\jl\bin\classes.jar;obj\Debug\lp\20\jl\bin\classes.jar;obj\Debug\lp\21\jl\bin\classes.jar;obj\Debug\lp\3\jl\arch-core-common.jar;obj\Debug\lp\4\jl\arch-lifecycle-common.jar;obj\Debug\lp\5\jl\bin\classes.jar;obj\Debug\lp\6\jl\bin\classes.jar;obj\Debug\lp\8\jl\bin\classes.jar;obj\Debug\lp\9\jl\bin\classes.jar;obj\Debug\lp\7\jl\support-annotations.jar -bootclasspath C:\Program Files (x86)\Android\android-sdk\platforms\android-27\android.jar -encoding UTF-8 @C:\Users\user\AppData\Local\Temp\tmpB70E.tmp
java_class_path (initial): C:\Program Files\Java\jdk1.8.0_151/lib/tools.jar;C:\Program Files\Java\jdk1.8.0_151/classes
Launcher Type: SUN_STANDARD

Environment Variables:
JAVA_HOME=C:\Program Files (x86)\Java\jdk1.8.0_172
PATH=C:\Program Files (x86)\Intel\iCLS Client\;C:\Program Files (x86)\Common Files\Oracle\Java\javapath;C:\app\user\product\11.2.0\dbhome_1\bin;C:\oraclexe\app\oracle\product\11.2.0\server\bin;C:\ProgramData\Oracle\Java\javapath;C:\Program Files\Intel\iCLS Client\;C:\WINDOWS\system32;C:\WINDOWS;C:\WINDOWS\System32\Wbem;C:\WINDOWS\System32\WindowsPowerShell\v1.0\;C:\Program Files\Intel\WiFi\bin\;C:\Program Files\Common Files\Intel\WirelessCommon\;C:\Program Files\Microsoft SQL Server\110\DTS\Binn\;C:\Program Files (x86)\Microsoft SQL Server\110\Tools\Binn\;C:\Program Files\Microsoft SQL Server\110\Tools\Binn\;C:\Program Files (x86)\Microsoft SQL Server\110\Tools\Binn\ManagementStudio\;C:\Program Files (x86)\Microsoft Visual Studio 10.0\Common7\IDE\PrivateAssemblies\;C:\Program Files (x86)\Microsoft SQL Server\110\DTS\Binn\;C:\Program Files\Java\jdk1.8.0_151\bin;C:\Program Files (x86)\Windows Kits\8.1\Windows Performance Toolkit\;C:\Program Files (x86)\Microsoft SDKs\TypeScript\1.0\;C:\Program Files\Microsoft SQL Server\120\Tools\Binn\;C:\apache-maven-3.5.2\bin;C:\Program Files (x86)\Java\jdk1.8.0_172\bin;C:\Program Files\Git\cmd;C:\WINDOWS\System32\OpenSSH\;C:\Program Files (x86)\Intel\Intel(R) Management Engine Components\DAL;C:\Program Files\Intel\Intel(R) Management Engine Components\DAL;C:\Program Files (x86)\Intel\Intel(R) Management Engine Components\IPT;C:\Program Files\Intel\Intel(R) Management Engine Components\IPT;C:\Program Files\dotnet\;C:\Users\user\AppData\Local\Microsoft\WindowsApps;C:\app\user\product\11.2.0\dbhome_1\BIN\emctl.bat;C:\Users\user\AppData\Local\GitHubDesktop\bin
USERNAME=user
OS=Windows_NT
PROCESSOR_IDENTIFIER=Intel64 Family 6 Model 78 Stepping 3, GenuineIntel



---------------  S Y S T E M  ---------------

OS: Windows 10.0 , 64 bit Build 17134 (10.0.17134.1)

CPU:total 4 (initial active 4) (2 cores per cpu, 2 threads per core) family 6 model 78 stepping 3, cmov, cx8, fxsr, mmx, sse, sse2, sse3, ssse3, sse4.1, sse4.2, popcnt, avx, avx2, aes, clmul, erms, 3dnowpref, lzcnt, ht, tsc, tscinvbit, bmi1, bmi2, adx

Memory: 4k page, physical 8255296k(1643180k free), swap 11376448k(4348k free)

vm_info: Java HotSpot(TM) 64-Bit Server VM (25.151-b12) for windows-amd64 JRE (1.8.0_151-b12), built on Sep  5 2017 19:33:46 by "java_re" with MS VC++ 10.0 (VS2010)

time: Mon Jun 25 14:18:23 2018
elapsed time: 4 seconds (0d 0h 0m 4s)

